<?xml version="1.0" encoding="UTF-8"?>
<testsuites name="Javascript001" time="82.433" tests="1" failures="0" errors="0">
   <testsuite name="Javascript001" tests="1" failures="0" errors="0" time="82.433" skipped="0" timestamp="2023-05-05 16:20:52" hostname="om - DESKTOP-ULKJEBS" id="Test Suites/Javascript001">
      <properties>
[...]
</properties>
      <testcase name="Test Cases/JavaScriptWait" time="81.154" classname="Test Cases/JavaScriptWait" status="PASSED">
         <system-out><![CDATA[2023-05-05 16:20:53 - [TEST_CASE][PASSED] - Test Cases/JavaScriptWait: Test Cases/JavaScriptWait

2023-05-05 16:20:55 - [TEST_STEP][PASSED] - openBrowser("http://www.themazerunner.com.au/"): Browser is opened with url: 'http://www.themazerunner.com.au/'

2023-05-05 16:20:56 - [MESSAGE][INFO] - User set preference: ['os', 'windows']

2023-05-05 16:20:56 - [MESSAGE][INFO] - User set preference: ['browserName', 'internet explorer']

2023-05-05 16:20:56 - [MESSAGE][INFO] - User set preference: ['browserVersion', '11']

2023-05-05 16:20:56 - [MESSAGE][INFO] - User set preference: ['katalon:option', '{organizationId=856218, tunnelId=6fdb3942-87ce-48e8-9873-92cddc34a585, usingTunnel=true}']

2023-05-05 16:20:56 - [MESSAGE][INFO] - Connecting to remote web server 'testcloud.katalon.com/hub' with type 'Selenium'

2023-05-05 16:20:58 - [MESSAGE][INFO] - Action delay is set to 0 milliseconds

2023-05-05 16:22:12 - [MESSAGE][PASSED] - Browser is opened with url: 'http://www.themazerunner.com.au/'

2023-05-05 16:22:12 - [TEST_STEP][PASSED] - s = "window.onload = function() {}": null

2023-05-05 16:22:12 - [TEST_STEP][PASSED] - executeJavaScript(s, null): Execute JavaScript 'window.onload = function() {}' successfully

2023-05-05 16:22:13 - [MESSAGE][PASSED] - Execute JavaScript 'window.onload = function() {}' successfully

2023-05-05 16:22:13 - [TEST_STEP][PASSED] - closeBrowser(): Browser is closed

2023-05-05 16:22:14 - [MESSAGE][PASSED] - Browser is closed]]></system-out>
         <system-err><![CDATA[]]></system-err>
      </testcase>
      <system-out><![CDATA[2023-05-05 16:20:52 - [TEST_SUITE][PASSED] - Javascript001: Test Cases/JavaScriptWait]]></system-out>
      <system-err><![CDATA[]]></system-err>
   </testsuite>
</testsuites>
