<?xml version="1.0" encoding="UTF-8"?>
<testsuites name="FrameHandlingSuite001" time="93.239" tests="1" failures="0" errors="0">
   <testsuite name="FrameHandlingSuite001" tests="1" failures="0" errors="0" time="93.239" skipped="0" timestamp="2023-05-04 00:50:27" hostname="om - DESKTOP-ULKJEBS" id="Test Suites/FrameHandlingSuite001">
      <properties>
[...]
</properties>
      <testcase name="Test Cases/W3School/FramHandling" time="92.563" classname="Test Cases/W3School/FramHandling" status="PASSED">
         <system-out><![CDATA[2023-05-04 00:50:28 - [TEST_CASE][PASSED] - Test Cases/W3School/FramHandling: Test Cases/W3School/FramHandling

2023-05-04 00:50:29 - [TEST_STEP][PASSED] - openBrowser("https://www.w3schools.com/js/js_popup.asp"): Browser is opened with url: 'https://www.w3schools.com/js/js_popup.asp'

2023-05-04 00:50:30 - [MESSAGE][INFO] - User set preference: ['os', 'windows']

2023-05-04 00:50:30 - [MESSAGE][INFO] - User set preference: ['browserName', 'internet explorer']

2023-05-04 00:50:30 - [MESSAGE][INFO] - User set preference: ['browserVersion', '11']

2023-05-04 00:50:30 - [MESSAGE][INFO] - User set preference: ['katalon:option', '{organizationId=856218, tunnelId=, usingTunnel=false}']

2023-05-04 00:50:30 - [MESSAGE][INFO] - Connecting to remote web server 'testcloud.katalon.com/hub' with type 'Selenium'

2023-05-04 00:50:31 - [MESSAGE][INFO] - Action delay is set to 0 milliseconds

2023-05-04 00:51:40 - [MESSAGE][PASSED] - Browser is opened with url: 'https://www.w3schools.com/js/js_popup.asp'

2023-05-04 00:51:40 - [TEST_STEP][PASSED] - maximizeWindow(): Current window maximized

2023-05-04 00:51:41 - [MESSAGE][PASSED] - Current window maximized

2023-05-04 00:51:41 - [TEST_STEP][PASSED] - click(findTestObject("Object Repository/W3School/PromptButton")): Object: 'Object Repository/W3School/PromptButton' is clicked on

2023-05-04 00:51:52 - [MESSAGE][PASSED] - Object: 'Object Repository/W3School/PromptButton' is clicked on

2023-05-04 00:51:52 - [TEST_STEP][PASSED] - delay(2): Delayed 2 second(s)

2023-05-04 00:51:54 - [MESSAGE][PASSED] - Delayed 2 second(s)

2023-05-04 00:51:54 - [TEST_STEP][PASSED] - switchToWindowIndex(1): Switched to window with index: '1'

2023-05-04 00:51:55 - [MESSAGE][PASSED] - Switched to window with index: '1'

2023-05-04 00:51:55 - [TEST_STEP][PASSED] - switchToFrame(findTestObject("Object Repository/W3School/TryItButtonFrame"), 3): null

2023-05-04 00:51:58 - [TEST_STEP][PASSED] - switchToWindowIndex(0): Switched to window with index: '0'

2023-05-04 00:51:59 - [MESSAGE][PASSED] - Switched to window with index: '0'

2023-05-04 00:51:59 - [TEST_STEP][PASSED] - closeBrowser(): Browser is closed

2023-05-04 00:52:01 - [MESSAGE][PASSED] - Browser is closed]]></system-out>
         <system-err><![CDATA[]]></system-err>
      </testcase>
      <system-out><![CDATA[2023-05-04 00:50:27 - [TEST_SUITE][PASSED] - FrameHandlingSuite001: Test Cases/W3School/FramHandling]]></system-out>
      <system-err><![CDATA[]]></system-err>
   </testsuite>
</testsuites>
